[16:20:58] [main/INFO]: Loading Minecraft 1.20.1 with Fabric Loader 0.17.2
[16:20:59] [main/WARN]: Warnings were found!
 - Mod 'Debugify' (debugify) 1.20.1+2.0 recommends any 3.x version of yet-another-config-lib, which is missing!
	 - You should install any 3.x version of yet-another-config-lib for the optimal experience.
[16:20:59] [main/INFO]: Loading 91 mods:
	- architectury 9.2.14
	- balm 7.3.36
	   \-- kuma_api 20.1.12
	- clumps 12.0.0.4
	- debugify 1.20.1+2.0
	- fabric-api 0.92.6+1.20.1
	   |-- fabric-api-base 0.4.32+1802ada577
	   |-- fabric-api-lookup-api-v1 1.6.37+1802ada577
	   |-- fabric-biome-api-v1 13.0.14+1802ada577
	   |-- fabric-block-api-v1 1.0.12+1802ada577
	   |-- fabric-block-view-api-v2 1.0.3+924f046a77
	   |-- fabric-blockrenderlayer-v1 1.1.42+1802ada577
	   |-- fabric-client-tags-api-v1 1.1.3+1802ada577
	   |-- fabric-command-api-v1 1.2.35+f71b366f77
	   |-- fabric-command-api-v2 2.2.14+1802ada577
	   |-- fabric-commands-v0 0.2.52+df3654b377
	   |-- fabric-containers-v0 0.1.67+df3654b377
	   |-- fabric-content-registries-v0 4.0.13+1802ada577
	   |-- fabric-convention-tags-v1 1.5.6+1802ada577
	   |-- fabric-crash-report-info-v1 0.2.20+1802ada577
	   |-- fabric-data-attachment-api-v1 1.0.2+de0fd6d177
	   |-- fabric-data-generation-api-v1 12.3.7+1802ada577
	   |-- fabric-dimensions-v1 2.1.55+1802ada577
	   |-- fabric-entity-events-v1 1.6.1+1c78457f77
	   |-- fabric-events-interaction-v0 0.6.5+13a40c6677
	   |-- fabric-events-lifecycle-v0 0.2.64+df3654b377
	   |-- fabric-game-rule-api-v1 1.0.41+1802ada577
	   |-- fabric-item-api-v1 2.1.29+1802ada577
	   |-- fabric-item-group-api-v1 4.0.14+1802ada577
	   |-- fabric-key-binding-api-v1 1.0.38+1802ada577
	   |-- fabric-keybindings-v0 0.2.36+df3654b377
	   |-- fabric-lifecycle-events-v1 2.2.23+1802ada577
	   |-- fabric-loot-api-v2 1.2.3+1802ada577
	   |-- fabric-loot-tables-v1 1.1.47+9e7660c677
	   |-- fabric-message-api-v1 5.1.10+1802ada577
	   |-- fabric-mining-level-api-v1 2.1.52+1802ada577
	   |-- fabric-model-loading-api-v1 1.0.4+1802ada577
	   |-- fabric-models-v0 0.4.3+9386d8a777
	   |-- fabric-networking-api-v1 1.3.14+a158aa0477
	   |-- fabric-networking-v0 0.3.54+df3654b377
	   |-- fabric-object-builder-api-v1 11.1.5+e35120df77
	   |-- fabric-particles-v1 1.1.3+1802ada577
	   |-- fabric-recipe-api-v1 1.0.24+1802ada577
	   |-- fabric-registry-sync-v0 2.3.6+1802ada577
	   |-- fabric-renderer-api-v1 3.2.2+1802ada577
	   |-- fabric-renderer-indigo 1.5.3+85287f9f77
	   |-- fabric-renderer-registries-v1 3.2.47+df3654b377
	   |-- fabric-rendering-data-attachment-v1 0.3.39+92a0d36777
	   |-- fabric-rendering-fluids-v1 3.0.29+1802ada577
	   |-- fabric-rendering-v0 1.1.50+df3654b377
	   |-- fabric-rendering-v1 3.0.9+1802ada577
	   |-- fabric-resource-conditions-api-v1 2.3.9+1802ada577
	   |-- fabric-resource-loader-v0 0.11.12+fb82e9d777
	   |-- fabric-screen-api-v1 2.0.9+1802ada577
	   |-- fabric-screen-handler-api-v1 1.3.33+1802ada577
	   |-- fabric-sound-api-v1 1.0.14+1802ada577
	   |-- fabric-transfer-api-v1 3.3.6+8dd72ea377
	   \-- fabric-transitive-access-wideners-v1 4.3.2+1802ada577
	- fabric-language-kotlin 1.13.6+kotlin.2.2.20
	   |-- org_jetbrains_kotlin_kotlin-reflect 2.2.20
	   |-- org_jetbrains_kotlin_kotlin-stdlib 2.2.20
	   |-- org_jetbrains_kotlin_kotlin-stdlib-jdk7 2.2.20
	   |-- org_jetbrains_kotlin_kotlin-stdlib-jdk8 2.2.20
	   |-- org_jetbrains_kotlinx_atomicfu-jvm 0.29.0
	   |-- org_jetbrains_kotlinx_kotlinx-coroutines-core-jvm 1.10.2
	   |-- org_jetbrains_kotlinx_kotlinx-coroutines-jdk8 1.10.2
	   |-- org_jetbrains_kotlinx_kotlinx-datetime-jvm 0.7.1
	   |-- org_jetbrains_kotlinx_kotlinx-io-bytestring-jvm 0.8.0
	   |-- org_jetbrains_kotlinx_kotlinx-io-core-jvm 0.8.0
	   |-- org_jetbrains_kotlinx_kotlinx-serialization-cbor-jvm 1.9.0
	   |-- org_jetbrains_kotlinx_kotlinx-serialization-core-jvm 1.9.0
	   \-- org_jetbrains_kotlinx_kotlinx-serialization-json-jvm 1.9.0
	- fabricloader 0.17.2
	   \-- mixinextras 0.5.0
	- ferritecore 6.0.1
	- forgeconfigapiport 8.0.2
	- headfix 1.2.2
	- java 21
	- krypton 0.2.3
	   \-- com_velocitypowered_velocity-native 3.2.0-SNAPSHOT
	- lithium 0.11.3
	- minecraft 1.20.1
	- modernfix 5.24.4+mc1.20.1
	- netherportalfix 13.0.1
	- servercore 1.5.2+1.20.1
	   |-- fabric-permissions-api-v0 0.3.1
	   |-- org_yaml_snakeyaml 2.2
	   |-- placeholder-api 2.1.3+1.20.1
	   |-- space_arim_dazzleconf_dazzleconf-core 1.3.0-M2
	   \-- space_arim_dazzleconf_dazzleconf-ext-snakeyaml 1.3.0-M2
	- skin_changer 0.6.6
	- syncmatica 1.20.1-0.3.11
	- tpaplusplus 1.6.0-1.20.x-RELEASE-CANDIDATE-1
	- visibletraders 0.0.4
	- whyamionfire 1.2.2
	- yet_another_config_lib_v3 3.6.6+1.20.1-fabric
	   |-- com_twelvemonkeys_common_common-image 3.12.0
	   |-- com_twelvemonkeys_common_common-io 3.12.0
	   |-- com_twelvemonkeys_common_common-lang 3.12.0
	   |-- com_twelvemonkeys_imageio_imageio-core 3.12.0
	   |-- com_twelvemonkeys_imageio_imageio-metadata 3.12.0
	   |-- com_twelvemonkeys_imageio_imageio-webp 3.12.0
	   |-- org_quiltmc_parsers_gson 0.2.1
	   \-- org_quiltmc_parsers_json 0.2.1
[16:20:59] [main/INFO]: SpongePowered MIXIN Subsystem Version=0.8.7 Source=file:/workspaces/josue/server/libraries/net/fabricmc/sponge-mixin/0.16.3+mixin.0.8.7/sponge-mixin-0.16.3+mixin.0.8.7.jar Service=Knot/Fabric Env=SERVER
[16:20:59] [main/INFO]: Compatibility level set to JAVA_16
[16:20:59] [main/INFO]: Compatibility level set to JAVA_17
[16:20:59] [main/INFO]: Compatibility level set to JAVA_21
[16:20:59] [main/INFO]: Preloading Debugify
[16:20:59] [main/INFO]: Loaded configuration file for Lithium: 131 options available, 3 override(s) found
[16:20:59] [main/INFO]: Loaded configuration file for ModernFix 5.24.4+mc1.20.1: 70 options available, 0 override(s) found
[16:20:59] [main/INFO]: Applying Nashorn fix
[16:21:00] [main/WARN]: Force-disabling mixin 'alloc.blockstate.StateMixin' as rule 'mixin.alloc.blockstate' (added by mods [ferritecore]) disables it and children
[16:21:00] [main/WARN]: Force-disabling mixin 'alloc.chunk_ticking.ServerChunkManagerMixin' as rule 'mixin.alloc.chunk_ticking' (added by mods [servercore]) disables it and children
[16:21:00] [main/WARN]: Force-disabling mixin 'world.player_chunk_tick.ThreadedAnvilChunkStorageMixin' as rule 'mixin.world.player_chunk_tick' (added by mods [krypton]) disables it and children
[16:21:00] [main/INFO]: Initializing MixinExtras via com.llamalad7.mixinextras.service.MixinExtrasServiceImpl(version=0.5.0).
[16:21:02] [main/INFO]: Injecting BlockStateBase cache population hook into getNeighborPathNodeType from me.jellysquid.mods.lithium.mixin.ai.pathing.AbstractBlockStateMixin
[16:21:02] [main/INFO]: Injecting BlockStateBase cache population hook into getPathNodeType from me.jellysquid.mods.lithium.mixin.ai.pathing.AbstractBlockStateMixin
[16:21:02] [main/INFO]: Injecting BlockStateBase cache population hook into getAllFlags from me.jellysquid.mods.lithium.mixin.util.block_tracking.AbstractBlockStateMixin
[16:21:04] [main/WARN]: Method overwrite conflict for method_21740 in modernfix-common.mixins.json:perf.remove_biome_temperature_cache.BiomeMixin from mod modernfix, previously written by me.jellysquid.mods.lithium.mixin.world.temperature_cache.BiomeMixin. Skipping method.
[16:21:05] [main/INFO]: Vanilla bootstrap took 4073 milliseconds
[16:21:05] [main/INFO]: Enabled 34 bug fixes: [MC-2025, MC-7569, MC-8187, MC-14923, MC-30391, MC-31819, MC-69216, MC-72151, MC-88371, MC-89146, MC-90084, MC-93018, MC-100991, MC-119417, MC-119754, MC-121706, MC-121903, MC-124117, MC-129909, MC-132878, MC-135971, MC-155509, MC-160095, MC-179072, MC-183990, MC-193343, MC-199467, MC-200418, MC-206922, MC-215530, MC-223153, MC-224729, MC-231743, MC-232869]
[16:21:05] [main/INFO]: Successfully Debugify'd your game!
[16:21:05] [main/INFO]: Compression will use libdeflate (Linux x86_64), encryption will use OpenSSL 3.0.x (Linux x86_64)
[16:21:05] [main/INFO]: [ServerCore] Loaded V1.5.2+1.20.1!
[16:21:05] [main/INFO]: INITIALIZING...
[16:21:05] [main/INFO]: REGISTERING BACK COMMAND...
[16:21:05] [main/INFO]: REGISTERING TPAACCEPT COMMAND...
[16:21:05] [main/INFO]: REGISTERING TPACANCEL COMMAND...
[16:21:05] [main/INFO]: REGISTERING TPA COMMAND...
[16:21:05] [main/INFO]: REGISTERING TPADENY COMMAND...
[16:21:05] [main/INFO]: REGISTERING TPAHERE COMMAND...
[16:21:05] [main/INFO]: REGISTERING TPAPLUSPLUS COMMAND...
[16:21:05] [main/INFO]: REGISTERING TPBLOCK COMMAND...
[16:21:05] [main/INFO]: REGISTERING TPTOGGLE COMMAND...
[16:21:05] [main/INFO]: REGISTERING TPUNBLOCK COMMAND...
[16:21:05] [main/INFO]: REGISTERING "LifecycleEvent.SERVER_STARTED"...
[16:21:05] [main/INFO]: REGISTERING "LifecycleEvent.SERVER_STOPPING"...
[16:21:05] [main/INFO]: REGISTERING "LifecycleEvent.LIVING_DEATH"...
[16:21:05] [main/INFO]: REGISTERING "PlayerEvent.PLAYER_JOIN"...
[16:21:05] [main/INFO]: REGISTERING "PlayerEvent.PLAYER_LEAVE"...
[16:21:05] [main/INFO]: REGISTERING "RequestTimeoutEvent"...
[16:21:05] [main/WARN]: USING EXPERIMENTAL NON BLOCKING TICK LOOP
[16:21:05] [main/INFO]: INITIALIZING TICK LOOP WITH RATE OF 20...
[16:21:05] [main/INFO]: ...INITIALIZATION COMPLETE
[16:21:05] [main/INFO]: Registering C2S receiver with id skin_changer:mbechannel/c6416779da663f62836ae72f0509aa3e
[16:21:05] [main/INFO]: Registering C2S receiver with id skin_changer:mbechannel/8489ea5ae87e3a6199b65ea21ca8f8c8
[16:21:05] [main/INFO]: Krypton is now accelerating your Minecraft server's networking stack 🚀
[16:21:05] [main/INFO]: Environment: authHost='https://authserver.mojang.com', accountsHost='https://api.mojang.com', sessionHost='https://sessionserver.mojang.com', servicesHost='https://api.minecraftservices.com', name='PROD'
[16:21:05] [main/INFO]: Bypassed Mojang DFU
[16:21:06] [DefaultDispatcher-worker-2/WARN]: You are running an outdated version of TPA++, latest version: 1.6.0-1.20.x-UNTESTED-BETA-3, your version: 1.6.0-1.20.x-RELEASE-CANDIDATE-1!
[16:21:06] [DefaultDispatcher-worker-2/WARN]: You are 1 version(s) out of date!
[16:21:07] [main/INFO]: Loaded 7 recipes
[16:21:07] [main/INFO]: Loaded 1271 advancements
[16:21:07] [main/WARN]: Initial datapack load took 1.734 s
[16:21:07] [main/INFO]: Applied 0 biome modifications to 0 of 64 new biomes in 1.538 ms
[16:21:07] [Server thread/INFO]: Starting minecraft server version 1.20.1
[16:21:07] [Server thread/INFO]: Loading properties
[16:21:07] [Server thread/INFO]: Default game type: SURVIVAL
[16:21:07] [Server thread/INFO]: Generating keypair
[16:21:07] [Server thread/INFO]: Starting Minecraft server on *:25565
[16:21:07] [Server thread/INFO]: Using epoll channel type
[16:21:08] [Server thread/WARN]: **** SERVER IS RUNNING IN OFFLINE/INSECURE MODE!
[16:21:08] [Server thread/WARN]: The server will make no attempt to authenticate usernames. Beware.
[16:21:08] [Server thread/WARN]: While this makes the game possible to play without internet access, it also opens up the ability for hackers to connect with any username they choose.
[16:21:08] [Server thread/WARN]: To change this, set "online-mode" to "true" in the server.properties file.
[16:21:08] [Server thread/INFO]: Preparing level "world"
[16:21:08] [Server thread/INFO]: Preparing start region for dimension minecraft:overworld
[16:21:08] [Server thread/WARN]: Method overwrite conflict for removeIf in modernfix-common.mixins.json:bugfix.paper_chunk_patches.SortedArraySetMixin from mod modernfix, previously written by me.jellysquid.mods.lithium.mixin.world.chunk_tickets.SortedArraySetMixin. Skipping method.
[16:21:10] [Server thread/INFO]: Preparing spawn area: 0%
[16:21:10] [Server thread/INFO]: Preparing spawn area: 0%
[16:21:10] [Server thread/INFO]: Preparing spawn area: 0%
[16:21:10] [Server thread/INFO]: Preparing spawn area: 0%
[16:21:10] [Server thread/INFO]: Time elapsed: 2254 ms
[16:21:10] [Server thread/INFO]: Done (2.713s)! For help, type "help"
[16:21:10] [Server thread/WARN]: Dedicated server took 12.901 seconds to load
[16:21:10] [Server thread/INFO]: Successfully loaded player data!
[16:21:22] [Server thread/INFO]: ItsMeYo[/127.37.229.33:35461] logged in with entity id 83 at (587.2182519329685, 66.0, -266.4824928182997)
[16:21:22] [Server thread/INFO]: ItsMeYo joined the game
[16:21:22] [Server thread/INFO]: Player ItsMeYo just logged in with id 4b422bb3-5778-30ef-90d3-fa62ebf0458b
[16:21:22] [ForkJoinPool-4-worker-1/INFO]: Loading local skin for player ItsMeYo[4b422bb3-5778-30ef-90d3-fa62ebf0458b]
[16:21:22] [ForkJoinPool-4-worker-1/INFO]: File https://playerdb.co/api/player/minecraft/ItsMeYo downloaded
[16:21:23] [Server thread/INFO]: Syncmatica client joining with local version 0.3.11 and client version 0.3.11
